<?xml version="1.0" encoding="UTF-8"?>
<!-- Generated by org.testng.reporters.JUnitXMLReporter -->
<testsuite ignored="0" hostname="LTIN521709" failures="0" tests="3" name="my tests" time="0.046" errors="0" timestamp="2025-01-06T12:33:50 IST">
  <testcase classname="Test_NG.my_first_test_case_in_testNG" name="openapp" time="0.007"/>
  <testcase classname="Test_NG.my_first_test_case_in_testNG" name="login" time="0.004"/>
  <testcase classname="Test_NG.my_first_test_case_in_testNG" name="logout" time="0.002"/>
</testsuite> <!-- my tests -->
