<?xml version="1.0" encoding="UTF-8"?>
<testng-results ignored="0" total="1" passed="1" failed="0" skipped="0">
  <reporter-output>
  </reporter-output>
  <suite started-at="2025-01-15T12:24:47 IST" name="Suite" finished-at="2025-01-15T12:25:04 IST" duration-ms="16909">
    <groups>
    </groups>
    <test started-at="2025-01-15T12:24:47 IST" name="Test" finished-at="2025-01-15T12:25:04 IST" duration-ms="16909">
      <class name="POM_Examples_Using_PageFactory.TestCaseClassForWithPageFactory">
        <test-method is-config="true" signature="setUp()[pri:0, instance:POM_Examples_Using_PageFactory.TestCaseClassForWithPageFactory@a514af7]" started-at="2025-01-15T12:24:47 IST" name="setUp" finished-at="2025-01-15T12:25:00 IST" duration-ms="13501" status="PASS">
          <reporter-output>
          </reporter-output>
        </test-method> <!-- setUp -->
        <test-method signature="logIn()[pri:0, instance:POM_Examples_Using_PageFactory.TestCaseClassForWithPageFactory@a514af7]" started-at="2025-01-15T12:25:00 IST" name="logIn" finished-at="2025-01-15T12:25:02 IST" duration-ms="1564" status="PASS">
          <reporter-output>
          </reporter-output>
        </test-method> <!-- logIn -->
        <test-method is-config="true" signature="tearDown()[pri:0, instance:POM_Examples_Using_PageFactory.TestCaseClassForWithPageFactory@a514af7]" started-at="2025-01-15T12:25:02 IST" name="tearDown" finished-at="2025-01-15T12:25:04 IST" duration-ms="1790" status="PASS">
          <reporter-output>
          </reporter-output>
        </test-method> <!-- tearDown -->
      </class> <!-- POM_Examples_Using_PageFactory.TestCaseClassForWithPageFactory -->
    </test> <!-- Test -->
  </suite> <!-- Suite -->
</testng-results>
