<?xml version="1.0" encoding="UTF-8"?>
<testng-results ignored="0" total="1" passed="1" failed="0" skipped="0">
  <reporter-output>
  </reporter-output>
  <suite started-at="2025-01-15T11:18:33 IST" name="Suite" finished-at="2025-01-15T11:18:43 IST" duration-ms="10089">
    <groups>
    </groups>
    <test started-at="2025-01-15T11:18:33 IST" name="Test" finished-at="2025-01-15T11:18:43 IST" duration-ms="10089">
      <class name="POM_Examples_Using_PageFactory.TestCaseClassForWithPageFactory">
        <test-method is-config="true" signature="setUp()[pri:0, instance:POM_Examples_Using_PageFactory.TestCaseClassForWithPageFactory@1e1a0406]" started-at="2025-01-15T11:18:33 IST" name="setUp" finished-at="2025-01-15T11:18:40 IST" duration-ms="6572" status="PASS">
          <reporter-output>
          </reporter-output>
        </test-method> <!-- setUp -->
        <test-method signature="logIn()[pri:0, instance:POM_Examples_Using_PageFactory.TestCaseClassForWithPageFactory@1e1a0406]" started-at="2025-01-15T11:18:40 IST" name="logIn" finished-at="2025-01-15T11:18:41 IST" duration-ms="1717" status="PASS">
          <reporter-output>
          </reporter-output>
        </test-method> <!-- logIn -->
        <test-method is-config="true" signature="tearDown()[pri:0, instance:POM_Examples_Using_PageFactory.TestCaseClassForWithPageFactory@1e1a0406]" started-at="2025-01-15T11:18:41 IST" name="tearDown" finished-at="2025-01-15T11:18:43 IST" duration-ms="1754" status="PASS">
          <reporter-output>
          </reporter-output>
        </test-method> <!-- tearDown -->
      </class> <!-- POM_Examples_Using_PageFactory.TestCaseClassForWithPageFactory -->
    </test> <!-- Test -->
  </suite> <!-- Suite -->
</testng-results>
